<?xml version="1.0" encoding="UTF-8"?>
<testng-results ignored="0" total="1" passed="1" failed="0" skipped="0">
  <reporter-output>
  </reporter-output>
  <suite started-at="2024-09-10T18:40:11 IST" name="Default suite" finished-at="2024-09-10T18:40:18 IST" duration-ms="6902">
    <groups>
    </groups>
    <test started-at="2024-09-10T18:40:11 IST" name="Default test" finished-at="2024-09-10T18:40:18 IST" duration-ms="6902">
      <class name="tests.TC002_BookProduct">
        <test-method is-config="true" signature="browserDetails()[pri:0, instance:tests.TC002_BookProduct@55634720]" started-at="2024-09-10T18:40:11 IST" name="browserDetails" finished-at="2024-09-10T18:40:16 IST" duration-ms="4883" status="PASS">
          <reporter-output>
          </reporter-output>
        </test-method> <!-- browserDetails -->
        <test-method signature="addToCart(java.util.HashMap)[pri:0, instance:tests.TC002_BookProduct@55634720]" started-at="2024-09-10T18:40:16 IST" name="addToCart" data-provider="getData" finished-at="2024-09-10T18:40:18 IST" duration-ms="1595" status="PASS">
          <params>
            <param index="0">
              <value>
                <![CDATA[{password=secret_sauce, username=standard_user}]]>
              </value>
            </param>
          </params>
          <reporter-output>
          </reporter-output>
        </test-method> <!-- addToCart -->
      </class> <!-- tests.TC002_BookProduct -->
    </test> <!-- Default test -->
  </suite> <!-- Default suite -->
</testng-results>
