<?xml version="1.0" encoding="UTF-8"?>
<testng-results ignored="0" total="1" passed="1" failed="0" skipped="0">
  <reporter-output>
  </reporter-output>
  <suite started-at="2024-09-05T22:48:46 IST" name="Default suite" finished-at="2024-09-05T22:49:02 IST" duration-ms="16620">
    <groups>
    </groups>
    <test started-at="2024-09-05T22:48:46 IST" name="Default test" finished-at="2024-09-05T22:49:02 IST" duration-ms="16620">
      <class name="tests.TC001_Login">
        <test-method is-config="true" signature="browserDetails()[pri:0, instance:tests.TC001_Login@12aba8be]" started-at="2024-09-05T22:48:46 IST" name="browserDetails" finished-at="2024-09-05T22:49:02 IST" duration-ms="15839" status="PASS">
          <reporter-output>
          </reporter-output>
        </test-method> <!-- browserDetails -->
        <test-method signature="login()[pri:0, instance:tests.TC001_Login@12aba8be]" started-at="2024-09-05T22:49:02 IST" name="login" finished-at="2024-09-05T22:49:02 IST" duration-ms="737" status="PASS">
          <reporter-output>
          </reporter-output>
        </test-method> <!-- login -->
      </class> <!-- tests.TC001_Login -->
    </test> <!-- Default test -->
  </suite> <!-- Default suite -->
</testng-results>
